This file contains any messages produced by compilers while
running configure, to aid debugging if configure makes a mistake.

It was created by cd-bookmark configure 1.0, which was
generated by GNU Autoconf 2.69.  Invocation command line was

  $ ./configure 

## --------- ##
## Platform. ##
## --------- ##

hostname = austin-ubuntu
uname -m = x86_64
uname -r = 4.7.0.intel.r5.0
uname -s = Linux
uname -v = #1 SMP Wed Jan 3 17:04:29 CST 2018

/usr/bin/uname -p = unknown
/bin/uname -X     = unknown

/bin/arch              = unknown
/usr/bin/arch -k       = unknown
/usr/convex/getsysinfo = unknown
/usr/bin/hostinfo      = unknown
/bin/machine           = unknown
/usr/bin/oslevel       = unknown
/bin/universe          = unknown

PATH: /usr/local/sbin
PATH: /usr/local/bin
PATH: /usr/sbin
PATH: /usr/bin
PATH: /sbin
PATH: /bin
PATH: /usr/games
PATH: /usr/local/games
PATH: /usr/local/jdk1.8.0_121/
PATH: /snap/bin
PATH: /usr/lib/jvm/java-8-oracle/bin
PATH: /usr/lib/jvm/java-8-oracle/db/bin
PATH: /usr/lib/jvm/java-8-oracle/jre/bin
PATH: /usr/local/libexec/gcc/x86_64-unknown-linux-gnu/5.3.0/
PATH: /usr/lib/jvm/java-8-oracle/bin
PATH: /usr/lib/jvm/java-8-oracle/db/bin
PATH: /usr/lib/jvm/java-8-oracle/jre/bin


## ----------- ##
## Core tests. ##
## ----------- ##

configure:2088: checking for a BSD-compatible install
configure:2156: result: /usr/bin/install -c
configure:2167: checking whether build environment is sane
configure:2222: result: yes
configure:2373: checking for a thread-safe mkdir -p
configure:2412: result: /bin/mkdir -p
configure:2419: checking for gawk
configure:2435: found /usr/bin/gawk
configure:2446: result: gawk
configure:2457: checking whether make sets $(MAKE)
configure:2479: result: yes
configure:2508: checking whether make supports nested variables
configure:2525: result: yes
configure:2702: checking for gcc
configure:2718: found /usr/local/bin/gcc
configure:2729: result: gcc
configure:2958: checking for C compiler version
configure:2967: gcc --version >&5
gcc (GCC) 5.3.0
Copyright (C) 2015 Free Software Foundation, Inc.
This is free software; see the source for copying conditions.  There is NO
warranty; not even for MERCHANTABILITY or FITNESS FOR A PARTICULAR PURPOSE.

configure:2978: $? = 0
configure:2967: gcc -v >&5
Using built-in specs.
COLLECT_GCC=gcc
COLLECT_LTO_WRAPPER=/usr/local/libexec/gcc/x86_64-unknown-linux-gnu/5.3.0/lto-wrapper
Target: x86_64-unknown-linux-gnu
Configured with: ./configure --disable-multilib
Thread model: posix
gcc version 5.3.0 (GCC) 
configure:2978: $? = 0
configure:2967: gcc -V >&5
gcc: error: unrecognized command line option '-V'
gcc: fatal error: no input files
compilation terminated.
configure:2978: $? = 1
configure:2967: gcc -qversion >&5
gcc: error: unrecognized command line option '-qversion'
gcc: fatal error: no input files
compilation terminated.
configure:2978: $? = 1
configure:2998: checking whether the C compiler works
configure:3020: gcc    conftest.c  >&5
configure:3024: $? = 0
configure:3072: result: yes
configure:3075: checking for C compiler default output file name
configure:3077: result: a.out
configure:3083: checking for suffix of executables
configure:3090: gcc -o conftest    conftest.c  >&5
configure:3094: $? = 0
configure:3116: result: 
configure:3138: checking whether we are cross compiling
configure:3146: gcc -o conftest    conftest.c  >&5
configure:3150: $? = 0
configure:3157: ./conftest
configure:3161: $? = 0
configure:3176: result: no
configure:3181: checking for suffix of object files
configure:3203: gcc -c   conftest.c >&5
configure:3207: $? = 0
configure:3228: result: o
configure:3232: checking whether we are using the GNU C compiler
configure:3251: gcc -c   conftest.c >&5
configure:3251: $? = 0
configure:3260: result: yes
configure:3269: checking whether gcc accepts -g
configure:3289: gcc -c -g  conftest.c >&5
configure:3289: $? = 0
configure:3330: result: yes
configure:3347: checking for gcc option to accept ISO C89
configure:3410: gcc  -c -g -O2  conftest.c >&5
configure:3410: $? = 0
configure:3423: result: none needed
configure:3448: checking whether gcc understands -c and -o together
configure:3470: gcc -c conftest.c -o conftest2.o
configure:3473: $? = 0
configure:3470: gcc -c conftest.c -o conftest2.o
configure:3473: $? = 0
configure:3485: result: yes
configure:3513: checking for style of include used by make
configure:3541: result: GNU
configure:3567: checking dependency style of gcc
configure:3678: result: gcc3
configure:3703: checking how to run the C preprocessor
configure:3734: gcc -E  conftest.c
configure:3734: $? = 0
configure:3748: gcc -E  conftest.c
conftest.c:11:28: fatal error: ac_nonexistent.h: No such file or directory
compilation terminated.
configure:3748: $? = 1
configure: failed program was:
| /* confdefs.h */
| #define PACKAGE_NAME "cd-bookmark"
| #define PACKAGE_TARNAME "cd-bookmark"
| #define PACKAGE_VERSION "1.0"
| #define PACKAGE_STRING "cd-bookmark 1.0"
| #define PACKAGE_BUGREPORT "austin880625@gmail.com"
| #define PACKAGE_URL ""
| #define PACKAGE "cd-bookmark"
| #define VERSION "1.0"
| /* end confdefs.h.  */
| #include <ac_nonexistent.h>
configure:3773: result: gcc -E
configure:3793: gcc -E  conftest.c
configure:3793: $? = 0
configure:3807: gcc -E  conftest.c
conftest.c:11:28: fatal error: ac_nonexistent.h: No such file or directory
compilation terminated.
configure:3807: $? = 1
configure: failed program was:
| /* confdefs.h */
| #define PACKAGE_NAME "cd-bookmark"
| #define PACKAGE_TARNAME "cd-bookmark"
| #define PACKAGE_VERSION "1.0"
| #define PACKAGE_STRING "cd-bookmark 1.0"
| #define PACKAGE_BUGREPORT "austin880625@gmail.com"
| #define PACKAGE_URL ""
| #define PACKAGE "cd-bookmark"
| #define VERSION "1.0"
| /* end confdefs.h.  */
| #include <ac_nonexistent.h>
configure:3836: checking for grep that handles long lines and -e
configure:3894: result: /bin/grep
configure:3899: checking for egrep
configure:3961: result: /bin/grep -E
configure:3966: checking for ANSI C header files
configure:3986: gcc -c -g -O2  conftest.c >&5
configure:3986: $? = 0
configure:4059: gcc -o conftest -g -O2   conftest.c  >&5
configure:4059: $? = 0
configure:4059: ./conftest
configure:4059: $? = 0
configure:4070: result: yes
configure:4083: checking for sys/types.h
configure:4083: gcc -c -g -O2  conftest.c >&5
configure:4083: $? = 0
configure:4083: result: yes
configure:4083: checking for sys/stat.h
configure:4083: gcc -c -g -O2  conftest.c >&5
configure:4083: $? = 0
configure:4083: result: yes
configure:4083: checking for stdlib.h
configure:4083: gcc -c -g -O2  conftest.c >&5
configure:4083: $? = 0
configure:4083: result: yes
configure:4083: checking for string.h
configure:4083: gcc -c -g -O2  conftest.c >&5
configure:4083: $? = 0
configure:4083: result: yes
configure:4083: checking for memory.h
configure:4083: gcc -c -g -O2  conftest.c >&5
configure:4083: $? = 0
configure:4083: result: yes
configure:4083: checking for strings.h
configure:4083: gcc -c -g -O2  conftest.c >&5
configure:4083: $? = 0
configure:4083: result: yes
configure:4083: checking for inttypes.h
configure:4083: gcc -c -g -O2  conftest.c >&5
configure:4083: $? = 0
configure:4083: result: yes
configure:4083: checking for stdint.h
configure:4083: gcc -c -g -O2  conftest.c >&5
configure:4083: $? = 0
configure:4083: result: yes
configure:4083: checking for unistd.h
configure:4083: gcc -c -g -O2  conftest.c >&5
configure:4083: $? = 0
configure:4083: result: yes
configure:4098: checking for stdlib.h
configure:4098: result: yes
configure:4098: checking for string.h
configure:4098: result: yes
configure:4098: checking for unistd.h
configure:4098: result: yes
configure:4114: checking for stdlib.h
configure:4114: result: yes
configure:4124: checking for GNU libc compatible malloc
configure:4148: gcc -o conftest -g -O2   conftest.c  >&5
configure:4148: $? = 0
configure:4148: ./conftest
configure:4148: $? = 0
configure:4158: result: yes
configure:4327: checking that generated files are newer than configure
configure:4333: result: done
configure:4356: creating ./config.status

## ---------------------- ##
## Running config.status. ##
## ---------------------- ##

This file was extended by cd-bookmark config.status 1.0, which was
generated by GNU Autoconf 2.69.  Invocation command line was

  CONFIG_FILES    = 
  CONFIG_HEADERS  = 
  CONFIG_LINKS    = 
  CONFIG_COMMANDS = 
  $ ./config.status 

on austin-ubuntu

config.status:780: creating Makefile
config.status:780: creating src/Makefile
config.status:780: creating script/Makefile
config.status:952: executing depfiles commands

## ---------------- ##
## Cache variables. ##
## ---------------- ##

ac_cv_c_compiler_gnu=yes
ac_cv_env_CC_set=
ac_cv_env_CC_value=
ac_cv_env_CFLAGS_set=
ac_cv_env_CFLAGS_value=
ac_cv_env_CPPFLAGS_set=
ac_cv_env_CPPFLAGS_value=
ac_cv_env_CPP_set=
ac_cv_env_CPP_value=
ac_cv_env_LDFLAGS_set=
ac_cv_env_LDFLAGS_value=
ac_cv_env_LIBS_set=
ac_cv_env_LIBS_value=
ac_cv_env_build_alias_set=
ac_cv_env_build_alias_value=
ac_cv_env_host_alias_set=
ac_cv_env_host_alias_value=
ac_cv_env_target_alias_set=
ac_cv_env_target_alias_value=
ac_cv_func_malloc_0_nonnull=yes
ac_cv_header_inttypes_h=yes
ac_cv_header_memory_h=yes
ac_cv_header_stdc=yes
ac_cv_header_stdint_h=yes
ac_cv_header_stdlib_h=yes
ac_cv_header_string_h=yes
ac_cv_header_strings_h=yes
ac_cv_header_sys_stat_h=yes
ac_cv_header_sys_types_h=yes
ac_cv_header_unistd_h=yes
ac_cv_objext=o
ac_cv_path_EGREP='/bin/grep -E'
ac_cv_path_GREP=/bin/grep
ac_cv_path_install='/usr/bin/install -c'
ac_cv_path_mkdir=/bin/mkdir
ac_cv_prog_AWK=gawk
ac_cv_prog_CPP='gcc -E'
ac_cv_prog_ac_ct_CC=gcc
ac_cv_prog_cc_c89=
ac_cv_prog_cc_g=yes
ac_cv_prog_make_make_set=yes
am_cv_CC_dependencies_compiler_type=gcc3
am_cv_make_support_nested_variables=yes
am_cv_prog_cc_c_o=yes

## ----------------- ##
## Output variables. ##
## ----------------- ##

ACLOCAL='${SHELL} /home/austin/Documents/labs/cd-bookmark/missing aclocal-1.15'
AMDEPBACKSLASH='\'
AMDEP_FALSE='#'
AMDEP_TRUE=''
AMTAR='$${TAR-tar}'
AM_BACKSLASH='\'
AM_DEFAULT_V='$(AM_DEFAULT_VERBOSITY)'
AM_DEFAULT_VERBOSITY='1'
AM_V='$(V)'
AUTOCONF='${SHELL} /home/austin/Documents/labs/cd-bookmark/missing autoconf'
AUTOHEADER='${SHELL} /home/austin/Documents/labs/cd-bookmark/missing autoheader'
AUTOMAKE='${SHELL} /home/austin/Documents/labs/cd-bookmark/missing automake-1.15'
AWK='gawk'
CC='gcc'
CCDEPMODE='depmode=gcc3'
CFLAGS='-g -O2'
CPP='gcc -E'
CPPFLAGS=''
CYGPATH_W='echo'
DEFS='-DPACKAGE_NAME=\"cd-bookmark\" -DPACKAGE_TARNAME=\"cd-bookmark\" -DPACKAGE_VERSION=\"1.0\" -DPACKAGE_STRING=\"cd-bookmark\ 1.0\" -DPACKAGE_BUGREPORT=\"austin880625@gmail.com\" -DPACKAGE_URL=\"\" -DPACKAGE=\"cd-bookmark\" -DVERSION=\"1.0\" -DSTDC_HEADERS=1 -DHAVE_SYS_TYPES_H=1 -DHAVE_SYS_STAT_H=1 -DHAVE_STDLIB_H=1 -DHAVE_STRING_H=1 -DHAVE_MEMORY_H=1 -DHAVE_STRINGS_H=1 -DHAVE_INTTYPES_H=1 -DHAVE_STDINT_H=1 -DHAVE_UNISTD_H=1 -DHAVE_STDLIB_H=1 -DHAVE_STRING_H=1 -DHAVE_UNISTD_H=1 -DHAVE_STDLIB_H=1 -DHAVE_MALLOC=1'
DEPDIR='.deps'
ECHO_C=''
ECHO_N='-n'
ECHO_T=''
EGREP='/bin/grep -E'
EXEEXT=''
GREP='/bin/grep'
INSTALL_DATA='${INSTALL} -m 644'
INSTALL_PROGRAM='${INSTALL}'
INSTALL_SCRIPT='${INSTALL}'
INSTALL_STRIP_PROGRAM='$(install_sh) -c -s'
LDFLAGS=''
LIBOBJS=''
LIBS=''
LTLIBOBJS=''
MAKEINFO='${SHELL} /home/austin/Documents/labs/cd-bookmark/missing makeinfo'
MKDIR_P='/bin/mkdir -p'
OBJEXT='o'
PACKAGE='cd-bookmark'
PACKAGE_BUGREPORT='austin880625@gmail.com'
PACKAGE_NAME='cd-bookmark'
PACKAGE_STRING='cd-bookmark 1.0'
PACKAGE_TARNAME='cd-bookmark'
PACKAGE_URL=''
PACKAGE_VERSION='1.0'
PATH_SEPARATOR=':'
SET_MAKE=''
SHELL='/bin/bash'
STRIP=''
VERSION='1.0'
ac_ct_CC='gcc'
am__EXEEXT_FALSE=''
am__EXEEXT_TRUE='#'
am__fastdepCC_FALSE='#'
am__fastdepCC_TRUE=''
am__include='include'
am__isrc=''
am__leading_dot='.'
am__nodep='_no'
am__quote=''
am__tar='$${TAR-tar} chof - "$$tardir"'
am__untar='$${TAR-tar} xf -'
bindir='${exec_prefix}/bin'
build_alias=''
datadir='${datarootdir}'
datarootdir='${prefix}/share'
docdir='${datarootdir}/doc/${PACKAGE_TARNAME}'
dvidir='${docdir}'
exec_prefix='${prefix}'
host_alias=''
htmldir='${docdir}'
includedir='${prefix}/include'
infodir='${datarootdir}/info'
install_sh='${SHELL} /home/austin/Documents/labs/cd-bookmark/install-sh'
libdir='${exec_prefix}/lib'
libexecdir='${exec_prefix}/libexec'
localedir='${datarootdir}/locale'
localstatedir='${prefix}/var'
mandir='${datarootdir}/man'
mkdir_p='$(MKDIR_P)'
oldincludedir='/usr/include'
pdfdir='${docdir}'
prefix='/usr/local'
program_transform_name='s,x,x,'
psdir='${docdir}'
runstatedir='${localstatedir}/run'
sbindir='${exec_prefix}/sbin'
sharedstatedir='${prefix}/com'
sysconfdir='${prefix}/etc'
target_alias=''

## ----------- ##
## confdefs.h. ##
## ----------- ##

/* confdefs.h */
#define PACKAGE_NAME "cd-bookmark"
#define PACKAGE_TARNAME "cd-bookmark"
#define PACKAGE_VERSION "1.0"
#define PACKAGE_STRING "cd-bookmark 1.0"
#define PACKAGE_BUGREPORT "austin880625@gmail.com"
#define PACKAGE_URL ""
#define PACKAGE "cd-bookmark"
#define VERSION "1.0"
#define STDC_HEADERS 1
#define HAVE_SYS_TYPES_H 1
#define HAVE_SYS_STAT_H 1
#define HAVE_STDLIB_H 1
#define HAVE_STRING_H 1
#define HAVE_MEMORY_H 1
#define HAVE_STRINGS_H 1
#define HAVE_INTTYPES_H 1
#define HAVE_STDINT_H 1
#define HAVE_UNISTD_H 1
#define HAVE_STDLIB_H 1
#define HAVE_STRING_H 1
#define HAVE_UNISTD_H 1
#define HAVE_STDLIB_H 1
#define HAVE_MALLOC 1

configure: exit 0
